<?xml version="1.0" encoding="UTF-8"?>
<item><pubDate>Wed, 26 Jul 2017 16:22:10 +0100</pubDate><title><![CDATA[Test test test]]></title><url><![CDATA[test-test-test]]></url><meta><![CDATA[]]></meta><metad><![CDATA[]]></metad><menu><![CDATA[]]></menu><menuOrder><![CDATA[0]]></menuOrder><menuStatus><![CDATA[]]></menuStatus><template><![CDATA[template.php]]></template><parent><![CDATA[]]></parent><content><![CDATA[&lt;p&gt;hfgadjbfjaga&lt;/p&gt;

&lt;p&gt;adfadfoadf&lt;/p&gt;

&lt;p&gt;adifhbaoidfhbad&lt;/p&gt;

&lt;p&gt;buadfpaudf&lt;/p&gt;
]]></content><private><![CDATA[]]></private><author><![CDATA[admin]]></author></item>
